<?xml version="1.0" encoding="UTF-8"?>
<!-- Generated by org.testng.reporters.JUnitXMLReporter -->
<testsuite ignored="0" hostname="DESKTOP-A2SGV3Q" failures="0" tests="4" name="Default test" time="10.241" errors="0" timestamp="2025-03-20T21:02:29 CDT">
  <testcase classname="SauceDemo.SauceDemo.SauceDemoTest" name="login" time="0.281"/>
  <testcase classname="SauceDemo.SauceDemo.SauceDemoTest" name="addItemToCart" time="2.224"/>
  <testcase classname="SauceDemo.SauceDemo.SauceDemoTest" name="checkOut" time="0.614"/>
  <testcase classname="SauceDemo.SauceDemo.SauceDemoTest" name="logout" time="0.279"/>
</testsuite> <!-- Default test -->
